Fine-tune Epoch [2157/100000], Train Loss: -1.8979, Val NLL: -2.2015, LR_head: 1.00e-03
Fine-tune Epoch [2158/100000], Train Loss: -1.8990, Val NLL: -2.1990, LR_head: 1.00e-03
Fine-tune Epoch [2159/100000], Train Loss: -1.8963, Val NLL: -2.2040, LR_head: 1.00e-03
验证损失连续 200 轮未改善，触发早停。
--- [阶段二] 微调完成，最佳模型已保存至 results/5t_opamp_finetuned.pth ---

--- [评估流程启动] ---

--- [评估阶段] 开始计算指标 ---

=== 目标域验证集指标（物理单位）===
slewrate_pos    MSE=1.419e+10  MAE=7.027e+04  R2=0.9964
dc_gain         MSE=60.42  MAE=5.102  R2=0.9644
ugf             MSE=6.046e+10  MAE=1.567e+05  R2=0.9959
phase_margin    MSE=0.1135  MAE=0.2491  R2=0.9888
cmrr            MSE=1.743e+05  MAE=99.52  R2=0.8545

Avg  (all dims)   MSE=1.493e+10  MAE=4.542e+04  R2=0.9600
    '5t_opamp': {
        # 训练设置
        'RESTART_PRETRAIN': 6,
        'PRETRAIN_SCHEDULER_CONFIGS': [  # 重复执行三次元优化
            # # --- 策略一：广泛探索 ---
            # {"T_0": 50, "T_mult": 1, "epochs_pretrain": 100},  # 第1次重启：
            # {"T_0": 55, "T_mult": 1, "epochs_pretrain": 110},  # 第2次重启：
            # {"T_0": 60, "T_mult": 1, "epochs_pretrain": 120},  # 第3次重启：

            # # --- 策略二：精细打磨 ---
            {"T_0": 90, "T_mult": 1, "epochs_pretrain": 90},
            {"T_0": 100, "T_mult": 1, "epochs_pretrain": 100},
            {"T_0": 110, "T_mult": 1, "epochs_pretrain": 110},
            {"T_0": 125, "T_mult": 1, "epochs_pretrain": 125},
            {"T_0": 135, "T_mult": 1, "epochs_pretrain": 135},
            {"T_0": 150, "T_mult": 1, "epochs_pretrain": 150},
        ],
        'lr_pretrain': 3e-3,
        'epochs_finetune': 100000,
        'patience_finetune': 200,
        'lr_finetune': 1e-3,
        'batch_a': 128,
        'batch_b': 64,
        'ensemble_alpha': [0.7, 0.7, 0.3, 0.7, 0.85],
        # 模型设置
        'hidden_dims': [128, 256, 256, 512],
        'num_layers': 4,
        'dropout_rate': 0.2,

        # 损失函数权重
        'lambda_coral': 0.1,
        'alpha_r2': 0,


        # 反向模型
        'epochs_pretrain': 1000,  # 正向已替换为scheduler,该参数不再需要
        'patience_pretrain': 200,  # 同上
        'mdn_components': 20,
        'mdn_hidden_dim': 128,
        'mdn_num_layers': 3,
        'mdn_epochs': 500,
        'mdn_lr': 1e-3,
        'mdn_batch_size': 256,
        'mdn_weight_decay': 1e-5,


    },